/*C12*/SET SCHEMA PUBLIC
DELETE FROM CLIENT WHERE ID=1
INSERT INTO CLIENT VALUES(1,'\u041b\u044e\u0434\u043c\u0438\u043b\u0430 \u0421\u043c\u0435\u043b\u0430\u044f','89990652517','smelaya@mail.ru','2002123457')
COMMIT
INSERT INTO OFFER VALUES(4,1,300000)
COMMIT
DISCONNECT
/*C13*/SET SCHEMA PUBLIC
DISCONNECT
/*C14*/SET SCHEMA PUBLIC
DISCONNECT
/*C15*/SET SCHEMA PUBLIC
DISCONNECT
/*C16*/SET SCHEMA PUBLIC
DISCONNECT
/*C17*/SET SCHEMA PUBLIC
DISCONNECT
/*C18*/SET SCHEMA PUBLIC
DISCONNECT
/*C19*/SET SCHEMA PUBLIC
DISCONNECT
/*C20*/SET SCHEMA PUBLIC
DISCONNECT
/*C21*/SET SCHEMA PUBLIC
DISCONNECT
